{"/home/prateek/Documents/react-testing/src/Components/Application/Application.tsx": {"path":"/home/prateek/Documents/react-testing/src/Components/Application/Application.tsx","statementMap":{"0":{"start":{"line":1,"column":27},"end":{"line":28,"column":1}},"1":{"start":{"line":2,"column":2},"end":{"line":27,"column":4}}},"fnMap":{"0":{"name":"(anonymous_0)","decl":{"start":{"line":1,"column":27},"end":{"line":1,"column":28}},"loc":{"start":{"line":1,"column":33},"end":{"line":28,"column":1}},"line":1}},"branchMap":{},"s":{"0":0,"1":0},"f":{"0":0},"b":{}}
,"/home/prateek/Documents/react-testing/src/Components/Greet/Greet.tsx": {"path":"/home/prateek/Documents/react-testing/src/Components/Greet/Greet.tsx","statementMap":{"0":{"start":{"line":4,"column":21},"end":{"line":8,"column":1}},"1":{"start":{"line":5,"column":2},"end":{"line":7,"column":3}}},"fnMap":{"0":{"name":"(anonymous_0)","decl":{"start":{"line":4,"column":21},"end":{"line":4,"column":22}},"loc":{"start":{"line":4,"column":44},"end":{"line":8,"column":1}},"line":4}},"branchMap":{"0":{"loc":{"start":{"line":6,"column":16},"end":{"line":6,"column":51}},"type":"cond-expr","locations":[{"start":{"line":6,"column":29},"end":{"line":6,"column":39}},{"start":{"line":6,"column":42},"end":{"line":6,"column":51}}],"line":6}},"s":{"0":1,"1":2},"f":{"0":2},"b":{"0":[1,1]},"_coverageSchema":"1a1c01bbd47fc00a2c39e90264f33305004495a9","hash":"cba0b3676f09a0a3b219f7ce13516396a4e02ebf"}
}
